Vivado Simulator 2020.1
Copyright 1986-1999, 2001-2020 Xilinx, Inc. All Rights Reserved.
Running: C:/Xilinx/Vivado/2020.1/bin/unwrapped/win64.o/xelab.exe -wto 9952991639394867853bd1801c07b63d --incr --debug typical --relax --mt 2 -L xil_defaultlib -L unisims_ver -L unimacro_ver -L secureip --snapshot EX_TB_behav xil_defaultlib.EX_TB xil_defaultlib.glbl -log elaborate.log 
Using 2 slave threads.
Starting static elaboration
Pass Through NonSizing Optimizer
WARNING: [VRFC 10-3091] actual bit length 6 differs from formal bit length 5 for port 'SH' [G:/Dev/Micro_Arch_RISC/Micro_Arch_HW_5/Micro_Arch_HW_5.srcs/sources_1/new/EX.v:56]
Completed static elaboration
Starting simulation data flow analysis
WARNING: [XSIM 43-4099] "G:/Dev/Micro_Arch_RISC/Micro_Arch_HW_5/Micro_Arch_HW_5.srcs/sources_1/new/Function_Unit.v" Line 1. Module Function_Unit doesn't have a timescale but at least one module in design has a timescale.
WARNING: [XSIM 43-4099] "G:/Dev/Micro_Arch_RISC/Micro_Arch_HW_5/Micro_Arch_HW_5.srcs/sources_1/new/Function_Unit.v" Line 1. Module Function_Unit doesn't have a timescale but at least one module in design has a timescale.
Completed simulation data flow analysis
Time Resolution for simulation is 1ps
Compiling module xil_defaultlib.Adder
Compiling module xil_defaultlib.Memory
Compiling module xil_defaultlib.Shifter
Compiling module xil_defaultlib.Function_Unit
Compiling module xil_defaultlib.EX
Compiling module xil_defaultlib.EX_TB
Compiling module xil_defaultlib.glbl
Built simulation snapshot EX_TB_behav
