Vivado Simulator 2019.2
Copyright 1986-1999, 2001-2019 Xilinx, Inc. All Rights Reserved.
Running: D:/Vivado/2019.2/bin/unwrapped/win64.o/xelab.exe -wto 6ac85d3e3d274f30baea35af15bffc6b --incr --debug typical --relax --mt 2 -L xil_defaultlib -L unisims_ver -L unimacro_ver -L secureip --snapshot RISC_Machine_TB_behav xil_defaultlib.RISC_Machine_TB xil_defaultlib.glbl -log elaborate.log 
Using 2 slave threads.
Starting static elaboration
Pass Through NonSizing Optimizer
WARNING: [VRFC 10-3091] actual bit length 6 differs from formal bit length 5 for port 'SH' [D:/Github Repos/Micro_Arch_RISC/Micro_Arch_HW_5/Micro_Arch_HW_5.srcs/sources_1/new/EX.v:60]
Completed static elaboration
Starting simulation data flow analysis
Completed simulation data flow analysis
Time Resolution for simulation is 1ps
Compiling module xil_defaultlib.Register_File
Compiling module xil_defaultlib.Instruction_Memory
Compiling module xil_defaultlib.IF
Compiling module xil_defaultlib.Instruction_Decoder
Compiling module xil_defaultlib.DOF
Compiling module xil_defaultlib.Adder
Compiling module xil_defaultlib.Memory
Compiling module xil_defaultlib.Shifter
Compiling module xil_defaultlib.Function_Unit
Compiling module xil_defaultlib.EX
Compiling module xil_defaultlib.WB
Compiling module xil_defaultlib.RISC_Machine
Compiling module xil_defaultlib.RISC_Machine_TB
Compiling module xil_defaultlib.glbl
Built simulation snapshot RISC_Machine_TB_behav
