#-----------------------------------------------------------
# Vivado v2019.2 (64-bit)
# SW Build 2708876 on Wed Nov  6 21:40:23 MST 2019
# IP Build 2700528 on Thu Nov  7 00:09:20 MST 2019
# Start of session at: Thu Apr  1 18:05:45 2021
# Process ID: 12048
# Current directory: D:/Github Repos/Micro_Arch_RISC/Micro_Arch_HW_5
# Command line: vivado.exe -gui_launcher_event rodinguilauncherevent24744 D:\Github Repos\Micro_Arch_RISC\Micro_Arch_HW_5\Micro_Arch_HW_5.xpr
# Log file: D:/Github Repos/Micro_Arch_RISC/Micro_Arch_HW_5/vivado.log
# Journal file: D:/Github Repos/Micro_Arch_RISC/Micro_Arch_HW_5\vivado.jou
#-----------------------------------------------------------
start_gui
open_project {D:/Github Repos/Micro_Arch_RISC/Micro_Arch_HW_5/Micro_Arch_HW_5.xpr}
INFO: [Project 1-313] Project file moved from 'C:/Users/suzan/Micro_Arch_HW_5' since last save.
CRITICAL WARNING: [Project 1-19] Could not find the file 'D:/Github Repos/Micro_Arch_RISC/Adder.v'.
CRITICAL WARNING: [Project 1-19] Could not find the file 'D:/Github Repos/Micro_Arch_RISC/Function_Unit.v'.
CRITICAL WARNING: [Project 1-19] Could not find the file 'D:/Github Repos/Micro_Arch_RISC/Memory.v'.
CRITICAL WARNING: [Project 1-19] Could not find the file 'D:/Github Repos/Micro_Arch_RISC/Register_File.v'.
Scanning sources...
Finished scanning sources
INFO: [IP_Flow 19-234] Refreshing IP repositories
INFO: [IP_Flow 19-1704] No user IP repositories specified
INFO: [IP_Flow 19-2313] Loaded Vivado IP repository 'D:/Vivado/2019.2/data/ip'.
open_project: Time (s): cpu = 00:00:11 ; elapsed = 00:00:06 . Memory (MB): peak = 756.000 ; gain = 135.719
exit
INFO: [Common 17-206] Exiting Vivado at Thu Apr  1 18:12:20 2021...
