#-----------------------------------------------------------
# Vivado v2019.2 (64-bit)
# SW Build 2708876 on Wed Nov  6 21:40:23 MST 2019
# IP Build 2700528 on Thu Nov  7 00:09:20 MST 2019
# Start of session at: Thu Apr  1 18:12:39 2021
# Process ID: 9812
# Current directory: D:/Github Repos/Micro_Arch_RISC/Micro_Arch_HW_5
# Command line: vivado.exe -gui_launcher_event rodinguilauncherevent18172 D:\Github Repos\Micro_Arch_RISC\Micro_Arch_HW_5\Micro_Arch_HW_5.xpr
# Log file: D:/Github Repos/Micro_Arch_RISC/Micro_Arch_HW_5/vivado.log
# Journal file: D:/Github Repos/Micro_Arch_RISC/Micro_Arch_HW_5\vivado.jou
#-----------------------------------------------------------
start_gui
open_project {D:/Github Repos/Micro_Arch_RISC/Micro_Arch_HW_5/Micro_Arch_HW_5.xpr}
INFO: [Project 1-313] Project file moved from 'G:/Dev/Micro_Arch_RISC/Micro_Arch_HW_5' since last save.
CRITICAL WARNING: [Project 1-311] Could not find the file 'D:/Github Repos/Micro_Arch_RISC/Micro_Arch_HW_5/Micro_Arch_HW_5.srcs/sources_1/new/Function_Unit.v', nor could it be found using path 'G:/Dev/Micro_Arch_RISC/Micro_Arch_HW_5/Micro_Arch_HW_5.srcs/sources_1/new/Function_Unit.v'.
CRITICAL WARNING: [Project 1-311] Could not find the file 'D:/Github Repos/Micro_Arch_RISC/Micro_Arch_HW_5/Micro_Arch_HW_5.srcs/sources_1/new/Adder.v', nor could it be found using path 'G:/Dev/Micro_Arch_RISC/Micro_Arch_HW_5/Micro_Arch_HW_5.srcs/sources_1/new/Adder.v'.
CRITICAL WARNING: [Project 1-311] Could not find the file 'D:/Github Repos/Micro_Arch_RISC/Micro_Arch_HW_5/Micro_Arch_HW_5.srcs/sources_1/new/Memory.v', nor could it be found using path 'G:/Dev/Micro_Arch_RISC/Micro_Arch_HW_5/Micro_Arch_HW_5.srcs/sources_1/new/Memory.v'.
CRITICAL WARNING: [Project 1-311] Could not find the file 'D:/Github Repos/Micro_Arch_RISC/Micro_Arch_HW_5/Micro_Arch_HW_5.srcs/sources_1/new/Register_File.v', nor could it be found using path 'G:/Dev/Micro_Arch_RISC/Micro_Arch_HW_5/Micro_Arch_HW_5.srcs/sources_1/new/Register_File.v'.
ERROR: [Project 1-208] No val for DA Elab Attr
Scanning sources...
Finished scanning sources
CRITICAL WARNING: [Project 1-532] XML ERROR: Project Option SimulatorInstallDirModelSim has no valid value
CRITICAL WARNING: [Project 1-532] XML ERROR: Project Option SimulatorInstallDirQuesta has no valid value
CRITICAL WARNING: [Project 1-532] XML ERROR: Project Option SimulatorInstallDirIES has no valid value
CRITICAL WARNING: [Project 1-532] XML ERROR: Project Option SimulatorInstallDirXcelium has no valid value
CRITICAL WARNING: [Project 1-532] XML ERROR: Project Option SimulatorInstallDirVCS has no valid value
CRITICAL WARNING: [Project 1-532] XML ERROR: Project Option SimulatorInstallDirRiviera has no valid value
CRITICAL WARNING: [Project 1-532] XML ERROR: Project Option SimulatorInstallDirActiveHdl has no valid value
WARNING: [Project 1-231] Project 'Micro_Arch_HW_5.xpr' was created with a future version and may or may not perform reliably with this version of Vivado. It has been opened in read-only mode for the protection of unrecognized data. Use 'File | Save Project As...' if you wish to alter a copy of the project.
INFO: [IP_Flow 19-234] Refreshing IP repositories
INFO: [IP_Flow 19-1704] No user IP repositories specified
INFO: [IP_Flow 19-2313] Loaded Vivado IP repository 'D:/Vivado/2019.2/data/ip'.
ERROR: [Common 17-39] 'open_project' failed due to earlier errors.
save_project_as project_1 {D:/Github Repos/Micro_Arch_RISC/OLD STUFF DONT TOUCH/project_1} -force
save_project_as: Time (s): cpu = 00:00:09 ; elapsed = 00:00:06 . Memory (MB): peak = 777.477 ; gain = 15.512
exit
INFO: [Common 17-206] Exiting Vivado at Thu Apr  1 18:15:59 2021...
